<?xml version="1.0" encoding="UTF-8" ?>
<testsuite tests="6" failures="0" name="com.namsor.sdk2.model.FirstLastNamePhoneNumberInTest" time="0.003" errors="0" skipped="0">
  <properties>
[...]
</properties>
  <testcase classname="com.namsor.sdk2.model.FirstLastNamePhoneNumberInTest" name="testFirstLastNamePhoneNumberIn" time="0"/>
  <testcase classname="com.namsor.sdk2.model.FirstLastNamePhoneNumberInTest" name="idTest" time="0"/>
  <testcase classname="com.namsor.sdk2.model.FirstLastNamePhoneNumberInTest" name="firstNameTest" time="0"/>
  <testcase classname="com.namsor.sdk2.model.FirstLastNamePhoneNumberInTest" name="phoneNumberTest" time="0"/>
  <testcase classname="com.namsor.sdk2.model.FirstLastNamePhoneNumberInTest" name="lastNameTest" time="0"/>
  <testcase classname="com.namsor.sdk2.model.FirstLastNamePhoneNumberInTest" name="firstLastNameOriginedOutTest" time="0"/>
</testsuite>